# JRE version: Java(TM) SE Runtime Environment (8.0_261-b12) (build 1.8.0_261-b12)
# Java VM: Java HotSpot(TM) 64-Bit Server VM (25.261-b12 mixed mode windows-amd64 compressed oops)
Heap:
 PSYoungGen      total 211968K, used 210159K [0x00000000d6f00000, 0x00000000e9800000, 0x0000000100000000)
  eden space 202240K, 99% used [0x00000000d6f00000,0x00000000e332fd70,0x00000000e3480000)
  from space 9728K, 95% used [0x00000000e8500000,0x00000000e8e0c0a0,0x00000000e8e80000)
  to   space 9728K, 0% used [0x00000000e8e80000,0x00000000e8e80000,0x00000000e9800000)
 ParOldGen       total 87552K, used 31160K [0x0000000084c00000, 0x000000008a180000, 0x00000000d6f00000)
  object space 87552K, 35% used [0x0000000084c00000,0x0000000086a6e168,0x000000008a180000)
 Metaspace       used 51759K, capacity 57082K, committed 57344K, reserved 1099776K
  class space    used 6530K, capacity 7383K, committed 7424K, reserved 1048576K
GC Heap History (10 events):
Event: 3371.000 GC heap before
{Heap before GC invocations=19 (full 2):
 PSYoungGen      total 250368K, used 250048K [0x00000000d6f00000, 0x00000000eb300000, 0x0000000100000000)
  eden space 245760K, 100% used [0x00000000d6f00000,0x00000000e5f00000,0x00000000e5f00000)
  from space 4608K, 93% used [0x00000000eae80000,0x00000000eb2b0060,0x00000000eb300000)
  to   space 12800K, 0% used [0x00000000e9a00000,0x00000000e9a00000,0x00000000ea680000)
 ParOldGen       total 87552K, used 31120K [0x0000000084c00000, 0x000000008a180000, 0x00000000d6f00000)
  object space 87552K, 35% used [0x0000000084c00000,0x0000000086a64168,0x000000008a180000)
 Metaspace       used 51201K, capacity 56062K, committed 56192K, reserved 1097728K
  class space    used 6440K, capacity 7197K, committed 7296K, reserved 1048576K
Event: 3371.005 GC heap after
Heap after GC invocations=19 (full 2):
 PSYoungGen      total 240640K, used 4272K [0x00000000d6f00000, 0x00000000eaf00000, 0x0000000100000000)
  eden space 236032K, 0% used [0x00000000d6f00000,0x00000000d6f00000,0x00000000e5580000)
  from space 4608K, 92% used [0x00000000e9a00000,0x00000000e9e2c070,0x00000000e9e80000)
  to   space 12288K, 0% used [0x00000000ea300000,0x00000000ea300000,0x00000000eaf00000)
 ParOldGen       total 87552K, used 31128K [0x0000000084c00000, 0x000000008a180000, 0x00000000d6f00000)
  object space 87552K, 35% used [0x0000000084c00000,0x0000000086a66168,0x000000008a180000)
 Metaspace       used 51201K, capacity 56062K, committed 56192K, reserved 1097728K
  class space    used 6440K, capacity 7197K, committed 7296K, reserved 1048576K
}
Event: 3374.020 GC heap before
{Heap before GC invocations=20 (full 2):
 PSYoungGen      total 240640K, used 240304K [0x00000000d6f00000, 0x00000000eaf00000, 0x0000000100000000)
  eden space 236032K, 100% used [0x00000000d6f00000,0x00000000e5580000,0x00000000e5580000)
  from space 4608K, 92% used [0x00000000e9a00000,0x00000000e9e2c070,0x00000000e9e80000)
  to   space 12288K, 0% used [0x00000000ea300000,0x00000000ea300000,0x00000000eaf00000)
 ParOldGen       total 87552K, used 31128K [0x0000000084c00000, 0x000000008a180000, 0x00000000d6f00000)
  object space 87552K, 35% used [0x0000000084c00000,0x0000000086a66168,0x000000008a180000)
 Metaspace       used 51202K, capacity 56094K, committed 56192K, reserved 1097728K
  class space    used 6441K, capacity 7229K, committed 7296K, reserved 1048576K
Event: 3374.025 GC heap after
Heap after GC invocations=20 (full 2):
 PSYoungGen      total 231424K, used 4256K [0x00000000d6f00000, 0x00000000ea780000, 0x0000000100000000)
  eden space 226816K, 0% used [0x00000000d6f00000,0x00000000d6f00000,0x00000000e4c80000)
  from space 4608K, 92% used [0x00000000ea300000,0x00000000ea728080,0x00000000ea780000)
  to   space 12288K, 0% used [0x00000000e8f80000,0x00000000e8f80000,0x00000000e9b80000)
 ParOldGen       total 87552K, used 31136K [0x0000000084c00000, 0x000000008a180000, 0x00000000d6f00000)
  object space 87552K, 35% used [0x0000000084c00000,0x0000000086a68168,0x000000008a180000)
 Metaspace       used 51202K, capacity 56094K, committed 56192K, reserved 1097728K
  class space    used 6441K, capacity 7229K, committed 7296K, reserved 1048576K
}
Event: 3384.629 GC heap before
{Heap before GC invocations=21 (full 2):
 PSYoungGen      total 231424K, used 231072K [0x00000000d6f00000, 0x00000000ea780000, 0x0000000100000000)
  eden space 226816K, 100% used [0x00000000d6f00000,0x00000000e4c80000,0x00000000e4c80000)
  from space 4608K, 92% used [0x00000000ea300000,0x00000000ea728080,0x00000000ea780000)
  to   space 12288K, 0% used [0x00000000e8f80000,0x00000000e8f80000,0x00000000e9b80000)
 ParOldGen       total 87552K, used 31136K [0x0000000084c00000, 0x000000008a180000, 0x00000000d6f00000)
  object space 87552K, 35% used [0x0000000084c00000,0x0000000086a68168,0x000000008a180000)
 Metaspace       used 51277K, capacity 56280K, committed 56448K, reserved 1097728K
  class space    used 6459K, capacity 7260K, committed 7296K, reserved 1048576K
Event: 3384.638 GC heap after
Heap after GC invocations=21 (full 2):
 PSYoungGen      total 225792K, used 7672K [0x00000000d6f00000, 0x00000000ea380000, 0x0000000100000000)
  eden space 218112K, 0% used [0x00000000d6f00000,0x00000000d6f00000,0x00000000e4400000)
  from space 7680K, 99% used [0x00000000e8f80000,0x00000000e96fe248,0x00000000e9700000)
  to   space 12288K, 0% used [0x00000000e9780000,0x00000000e9780000,0x00000000ea380000)
 ParOldGen       total 87552K, used 31144K [0x0000000084c00000, 0x000000008a180000, 0x00000000d6f00000)
  object space 87552K, 35% used [0x0000000084c00000,0x0000000086a6a168,0x000000008a180000)
 Metaspace       used 51277K, capacity 56280K, committed 56448K, reserved 1097728K
  class space    used 6459K, capacity 7260K, committed 7296K, reserved 1048576K
}
Event: 3386.834 GC heap before
{Heap before GC invocations=22 (full 2):
 PSYoungGen      total 225792K, used 225784K [0x00000000d6f00000, 0x00000000ea380000, 0x0000000100000000)
  eden space 218112K, 100% used [0x00000000d6f00000,0x00000000e4400000,0x00000000e4400000)
  from space 7680K, 99% used [0x00000000e8f80000,0x00000000e96fe248,0x00000000e9700000)
  to   space 12288K, 0% used [0x00000000e9780000,0x00000000e9780000,0x00000000ea380000)
 ParOldGen       total 87552K, used 31144K [0x0000000084c00000, 0x000000008a180000, 0x00000000d6f00000)
  object space 87552K, 35% used [0x0000000084c00000,0x0000000086a6a168,0x000000008a180000)
 Metaspace       used 51277K, capacity 56280K, committed 56448K, reserved 1097728K
  class space    used 6459K, capacity 7260K, committed 7296K, reserved 1048576K
Event: 3386.840 GC heap after
Heap after GC invocations=22 (full 2):
 PSYoungGen      total 214528K, used 4256K [0x00000000d6f00000, 0x00000000e9c00000, 0x0000000100000000)
  eden space 209920K, 0% used [0x00000000d6f00000,0x00000000d6f00000,0x00000000e3c00000)
  from space 4608K, 92% used [0x00000000e9780000,0x00000000e9ba8080,0x00000000e9c00000)
  to   space 11776K, 0% used [0x00000000e8500000,0x00000000e8500000,0x00000000e9080000)
 ParOldGen       total 87552K, used 31152K [0x0000000084c00000, 0x000000008a180000, 0x00000000d6f00000)
  object space 87552K, 35% used [0x0000000084c00000,0x0000000086a6c168,0x000000008a180000)
 Metaspace       used 51277K, capacity 56280K, committed 56448K, reserved 1097728K
  class space    used 6459K, capacity 7260K, committed 7296K, reserved 1048576K
}
Event: 3520.643 GC heap before
{Heap before GC invocations=23 (full 2):
 PSYoungGen      total 214528K, used 214176K [0x00000000d6f00000, 0x00000000e9c00000, 0x0000000100000000)
  eden space 209920K, 100% used [0x00000000d6f00000,0x00000000e3c00000,0x00000000e3c00000)
  from space 4608K, 92% used [0x00000000e9780000,0x00000000e9ba8080,0x00000000e9c00000)
  to   space 11776K, 0% used [0x00000000e8500000,0x00000000e8500000,0x00000000e9080000)
 ParOldGen       total 87552K, used 31152K [0x0000000084c00000, 0x000000008a180000, 0x00000000d6f00000)
  object space 87552K, 35% used [0x0000000084c00000,0x0000000086a6c168,0x000000008a180000)
 Metaspace       used 51565K, capacity 56694K, committed 56832K, reserved 1099776K
  class space    used 6500K, capacity 7329K, committed 7424K, reserved 1048576K
Event: 3520.653 GC heap after
Heap after GC invocations=23 (full 2):
 PSYoungGen      total 211968K, used 9264K [0x00000000d6f00000, 0x00000000e9800000, 0x0000000100000000)
  eden space 202240K, 0% used [0x00000000d6f00000,0x00000000d6f00000,0x00000000e3480000)
  from space 9728K, 95% used [0x00000000e8500000,0x00000000e8e0c0a0,0x00000000e8e80000)
  to   space 9728K, 0% used [0x00000000e8e80000,0x00000000e8e80000,0x00000000e9800000)
 ParOldGen       total 87552K, used 31160K [0x0000000084c00000, 0x000000008a180000, 0x00000000d6f00000)
  object space 87552K, 35% used [0x0000000084c00000,0x0000000086a6e168,0x000000008a180000)
 Metaspace       used 51565K, capacity 56694K, committed 56832K, reserved 1099776K
  class space    used 6500K, capacity 7329K, committed 7424K, reserved 1048576K
}

